--2020-03-01 17:15:52--  http://exoplanetarchive.ipac.caltech.edu/data/KeplerData/004/004150/004150804/tps/kplr004150804_dr25-stellarposterior.txt
Resolving exoplanetarchive.ipac.caltech.edu (exoplanetarchive.ipac.caltech.edu)... 134.4.54.151
Connecting to exoplanetarchive.ipac.caltech.edu (exoplanetarchive.ipac.caltech.edu)|134.4.54.151|:80... connected.
HTTP request sent, awaiting response... 302 Found
Location: https://exoplanetarchive.ipac.caltech.edu/data/KeplerData/004/004150/004150804/tps/kplr004150804_dr25-stellarposterior.txt [following]
--2020-03-01 17:15:52--  https://exoplanetarchive.ipac.caltech.edu/data/KeplerData/004/004150/004150804/tps/kplr004150804_dr25-stellarposterior.txt
Connecting to exoplanetarchive.ipac.caltech.edu (exoplanetarchive.ipac.caltech.edu)|134.4.54.151|:443... connected.
HTTP request sent, awaiting response... 200 OK
Length: 4680154 (4.5M) [text/plain]
Saving to: ‘kplr004150804_dr25-stellarposterior.txt’

     0K .......... .......... .......... .......... ..........  1%  167K 27s
    50K .......... .......... .......... .......... ..........  2%  336K 20s
   100K .......... .......... .......... .......... ..........  3% 53.8M 13s
   150K .......... .......... .......... .......... ..........  4%  110M 10s
   200K .......... .......... .......... .......... ..........  5%  364K 10s
   250K .......... .......... .......... .......... ..........  6%  186M 8s
   300K .......... .......... .......... .......... ..........  7%  356K 9s
   350K .......... .......... .......... .......... ..........  8% 93.9M 8s
   400K .......... .......... .......... .......... ..........  9%  116M 7s
   450K .......... .......... .......... .......... .......... 10%  179M 6s
   500K .......... .......... .......... .......... .......... 12%  334K 6s
   550K .......... .......... .......... .......... .......... 13% 80.0M 6s
   600K .......... .......... .......... .......... .......... 14% 50.5M 5s
   650K .......... .......... .......... .......... .......... 15% 65.8M 5s
   700K .......... .......... .......... .......... .......... 16%  123M 4s
   750K .......... .......... .......... .......... .......... 17%  332K 5s
   800K .......... .......... .......... .......... .......... 18%  170M 5s
   850K .......... .......... .......... .......... .......... 19% 51.8M 4s
   900K .......... .......... .......... .......... .......... 20%  109M 4s
   950K .......... .......... .......... .......... .......... 21%  156M 4s
  1000K .......... .......... .......... .......... .......... 22%  131M 3s
  1050K .......... .......... .......... .......... .......... 24%  218M 3s
  1100K .......... .......... .......... .......... .......... 25% 70.3M 3s
  1150K .......... .......... .......... .......... .......... 26%  501K 3s
  1200K .......... .......... .......... .......... .......... 27% 1.12M 3s
  1250K .......... .......... .......... .......... .......... 28% 63.6M 3s
  1300K .......... .......... .......... .......... .......... 29%  176M 3s
  1350K .......... .......... .......... .......... .......... 30%  220M 3s
  1400K .......... .......... .......... .......... .......... 31% 74.1M 3s
  1450K .......... .......... .......... .......... .......... 32%  234M 2s
  1500K .......... .......... .......... .......... .......... 33% 74.4M 2s
  1550K .......... .......... .......... .......... .......... 35%  238M 2s
  1600K .......... .......... .......... .......... .......... 36%  483K 2s
  1650K .......... .......... .......... .......... .......... 37% 1.38M 2s
  1700K .......... .......... .......... .......... .......... 38%  162M 2s
  1750K .......... .......... .......... .......... .......... 39% 63.1M 2s
  1800K .......... .......... .......... .......... .......... 40%  159M 2s
  1850K .......... .......... .......... .......... .......... 41% 56.5M 2s
  1900K .......... .......... .......... .......... .......... 42% 43.5M 2s
  1950K .......... .......... .......... .......... .......... 43% 41.1M 2s
  2000K .......... .......... .......... .......... .......... 44% 58.3M 2s
  2050K .......... .......... .......... .......... .......... 45% 87.7M 2s
  2100K .......... .......... .......... .......... .......... 47% 96.1M 1s
  2150K .......... .......... .......... .......... .......... 48%  345K 2s
  2200K .......... .......... .......... .......... .......... 49% 49.0M 2s
  2250K .......... .......... .......... .......... .......... 50% 54.3M 1s
  2300K .......... .......... .......... .......... .......... 51%  252M 1s
  2350K .......... .......... .......... .......... .......... 52% 55.3M 1s
  2400K .......... .......... .......... .......... .......... 53%  222M 1s
  2450K .......... .......... .......... .......... .......... 54% 64.9M 1s
  2500K .......... .......... .......... .......... .......... 55% 46.7M 1s
  2550K .......... .......... .......... .......... .......... 56% 48.1M 1s
  2600K .......... .......... .......... .......... .......... 57% 73.0M 1s
  2650K .......... .......... .......... .......... .......... 59%  162M 1s
  2700K .......... .......... .......... .......... .......... 60%  351K 1s
  2750K .......... .......... .......... .......... .......... 61% 51.5M 1s
  2800K .......... .......... .......... .......... .......... 62% 46.1M 1s
  2850K .......... .......... .......... .......... .......... 63% 58.6M 1s
  2900K .......... .......... .......... .......... .......... 64% 46.5M 1s
  2950K .......... .......... .......... .......... .......... 65%  287M 1s
  3000K .......... .......... .......... .......... .......... 66% 59.3M 1s
  3050K .......... .......... .......... .......... .......... 67% 25.4M 1s
  3100K .......... .......... .......... .......... .......... 68% 38.4M 1s
  3150K .......... .......... .......... .......... .......... 70% 42.8M 1s
  3200K .......... .......... .......... .......... .......... 71%  505K 1s
  3250K .......... .......... .......... .......... .......... 72% 1.19M 1s
  3300K .......... .......... .......... .......... .......... 73% 42.6M 1s
  3350K .......... .......... .......... .......... .......... 74% 42.1M 1s
  3400K .......... .......... .......... .......... .......... 75%  126M 1s
  3450K .......... .......... .......... .......... .......... 76% 56.3M 1s
  3500K .......... .......... .......... .......... .......... 77%  213M 1s
  3550K .......... .......... .......... .......... .......... 78%  148M 0s
  3600K .......... .......... .......... .......... .......... 79% 32.5M 0s
  3650K .......... .......... .......... .......... .......... 80% 33.3M 0s
  3700K .......... .......... .......... .......... .......... 82% 50.8M 0s
  3750K .......... .......... .......... .......... .......... 83%  252M 0s
  3800K .......... .......... .......... .......... .......... 84%  490K 0s
  3850K .......... .......... .......... .......... .......... 85% 1.39M 0s
  3900K .......... .......... .......... .......... .......... 86% 34.2M 0s
  3950K .......... .......... .......... .......... .......... 87% 47.5M 0s
  4000K .......... .......... .......... .......... .......... 88%  159M 0s
  4050K .......... .......... .......... .......... .......... 89% 57.8M 0s
  4100K .......... .......... .......... .......... .......... 90% 62.0M 0s
  4150K .......... .......... .......... .......... .......... 91% 52.7M 0s
  4200K .......... .......... .......... .......... .......... 92% 31.1M 0s
  4250K .......... .......... .......... .......... .......... 94% 18.0M 0s
  4300K .......... .......... .......... .......... .......... 95% 32.7M 0s
  4350K .......... .......... .......... .......... .......... 96%  271M 0s
  4400K .......... .......... .......... .......... .......... 97%  350K 0s
  4450K .......... .......... .......... .......... .......... 98% 27.5M 0s
  4500K .......... .......... .......... .......... .......... 99%  101M 0s
  4550K .......... ..........                                 100%  142M=2.1s

2020-03-01 17:15:55 (2.15 MB/s) - ‘kplr004150804_dr25-stellarposterior.txt’ saved [4680154/4680154]

--2021-05-25 09:12:36--  http://exoplanetarchive.ipac.caltech.edu/data/KeplerData/011/011760/011760231/tps/kplr011760231_dr25-stellarposterior.txt
Resolving exoplanetarchive.ipac.caltech.edu (exoplanetarchive.ipac.caltech.edu)... 134.4.54.151
Connecting to exoplanetarchive.ipac.caltech.edu (exoplanetarchive.ipac.caltech.edu)|134.4.54.151|:80... connected.
HTTP request sent, awaiting response... 302 Found
Location: https://exoplanetarchive.ipac.caltech.edu/data/KeplerData/011/011760/011760231/tps/kplr011760231_dr25-stellarposterior.txt [following]
--2021-05-25 09:12:37--  https://exoplanetarchive.ipac.caltech.edu/data/KeplerData/011/011760/011760231/tps/kplr011760231_dr25-stellarposterior.txt
Connecting to exoplanetarchive.ipac.caltech.edu (exoplanetarchive.ipac.caltech.edu)|134.4.54.151|:443... connected.
HTTP request sent, awaiting response... 200 OK
Length: 4680155 (4.5M) [text/plain]
Saving to: ‘kplr011760231_dr25-stellarposterior.txt’

     0K .......... .......... .......... .......... ..........  1%  395K 11s
    50K .......... .......... .......... .......... ..........  2%  798K 8s
   100K .......... .......... .......... .......... ..........  3% 75.0M 6s
   150K .......... .......... .......... .......... ..........  4% 94.3M 4s
   200K .......... .......... .......... .......... ..........  5%  802K 4s
   250K .......... .......... .......... .......... ..........  6%  100M 4s
   300K .......... .......... .......... .......... ..........  7% 96.3M 3s
   350K .......... .......... .......... .......... ..........  8%  452M 3s
   400K .......... .......... .......... .......... ..........  9%  818K 3s
   450K .......... .......... .......... .......... .......... 10% 85.5M 3s
   500K .......... .......... .......... .......... .......... 12%  106M 2s
   550K .......... .......... .......... .......... .......... 13%  101M 2s
   600K .......... .......... .......... .......... .......... 14%  102M 2s
   650K .......... .......... .......... .......... .......... 15% 96.5M 2s
   700K .......... .......... .......... .......... .......... 16% 82.1M 2s
   750K .......... .......... .......... .......... .......... 17%  303M 1s
   800K .......... .......... .......... .......... .......... 18% 7.54M 1s
   850K .......... .......... .......... .......... .......... 19%  936K 2s
   900K .......... .......... .......... .......... .......... 20%  101M 1s
   950K .......... .......... .......... .......... .......... 21% 90.1M 1s
  1000K .......... .......... .......... .......... .......... 22% 96.7M 1s
  1050K .......... .......... .......... .......... .......... 24%  488M 1s
  1100K .......... .......... .......... .......... .......... 25%  113M 1s
  1150K .......... .......... .......... .......... .......... 26%  102M 1s
  1200K .......... .......... .......... .......... .......... 27% 94.1M 1s
  1250K .......... .......... .......... .......... .......... 28%  107M 1s
  1300K .......... .......... .......... .......... .......... 29% 97.9M 1s
  1350K .......... .......... .......... .......... .......... 30% 98.0M 1s
  1400K .......... .......... .......... .......... .......... 31%  102M 1s
  1450K .......... .......... .......... .......... .......... 32%  101M 1s
  1500K .......... .......... .......... .......... .......... 33% 98.4M 1s
  1550K .......... .......... .......... .......... .......... 35%  104M 1s
  1600K .......... .......... .......... .......... .......... 36% 46.2M 1s
  1650K .......... .......... .......... .......... .......... 37% 27.4M 1s
  1700K .......... .......... .......... .......... .......... 38%  952K 1s
  1750K .......... .......... .......... .......... .......... 39% 50.3M 1s
  1800K .......... .......... .......... .......... .......... 40% 85.4M 1s
  1850K .......... .......... .......... .......... .......... 41%  109M 1s
  1900K .......... .......... .......... .......... .......... 42% 90.6M 1s
  1950K .......... .......... .......... .......... .......... 43%  104M 1s
  2000K .......... .......... .......... .......... .......... 44% 90.8M 1s
  2050K .......... .......... .......... .......... .......... 45%  118M 1s
  2100K .......... .......... .......... .......... .......... 47% 99.9M 1s
  2150K .......... .......... .......... .......... .......... 48% 99.0M 0s
  2200K .......... .......... .......... .......... .......... 49% 96.7M 0s
  2250K .......... .......... .......... .......... .......... 50%  105M 0s
  2300K .......... .......... .......... .......... .......... 51% 98.0M 0s
  2350K .......... .......... .......... .......... .......... 52%  414M 0s
  2400K .......... .......... .......... .......... .......... 53% 57.1M 0s
  2450K .......... .......... .......... .......... .......... 54% 97.3M 0s
  2500K .......... .......... .......... .......... .......... 55% 97.9M 0s
  2550K .......... .......... .......... .......... .......... 56% 98.8M 0s
  2600K .......... .......... .......... .......... .......... 57% 95.6M 0s
  2650K .......... .......... .......... .......... .......... 59%  470M 0s
  2700K .......... .......... .......... .......... .......... 60%  106M 0s
  2750K .......... .......... .......... .......... .......... 61%  106M 0s
  2800K .......... .......... .......... .......... .......... 62% 91.3M 0s
  2850K .......... .......... .......... .......... .......... 63%  109M 0s
  2900K .......... .......... .......... .......... .......... 64% 92.0M 0s
  2950K .......... .......... .......... .......... .......... 65%  103M 0s
  3000K .......... .......... .......... .......... .......... 66%  102M 0s
  3050K .......... .......... .......... .......... .......... 67%  391M 0s
  3100K .......... .......... .......... .......... .......... 68%  110M 0s
  3150K .......... .......... .......... .......... .......... 70% 98.8M 0s
  3200K .......... .......... .......... .......... .......... 71% 53.7M 0s
  3250K .......... .......... .......... .......... .......... 72%  479M 0s
  3300K .......... .......... .......... .......... .......... 73%  105M 0s
  3350K .......... .......... .......... .......... .......... 74%  108M 0s
  3400K .......... .......... .......... .......... .......... 75% 91.8M 0s
  3450K .......... .......... .......... .......... .......... 76% 55.6M 0s
  3500K .......... .......... .......... .......... .......... 77% 1.04M 0s
  3550K .......... .......... .......... .......... .......... 78%  107M 0s
  3600K .......... .......... .......... .......... .......... 79%  102M 0s
  3650K .......... .......... .......... .......... .......... 80% 48.2M 0s
  3700K .......... .......... .......... .......... .......... 82%  400M 0s
  3750K .......... .......... .......... .......... .......... 83%  130M 0s
  3800K .......... .......... .......... .......... .......... 84% 95.9M 0s
  3850K .......... .......... .......... .......... .......... 85%  103M 0s
  3900K .......... .......... .......... .......... .......... 86%  440M 0s
  3950K .......... .......... .......... .......... .......... 87%  103M 0s
  4000K .......... .......... .......... .......... .......... 88% 53.5M 0s
  4050K .......... .......... .......... .......... .......... 89%  452M 0s
  4100K .......... .......... .......... .......... .......... 90% 96.7M 0s
  4150K .......... .......... .......... .......... .......... 91%  102M 0s
  4200K .......... .......... .......... .......... .......... 92% 95.7M 0s
  4250K .......... .......... .......... .......... .......... 94% 96.5M 0s
  4300K .......... .......... .......... .......... .......... 95%  106M 0s
  4350K .......... .......... .......... .......... .......... 96% 97.9M 0s
  4400K .......... .......... .......... .......... .......... 97% 98.0M 0s
  4450K .......... .......... .......... .......... .......... 98%  103M 0s
  4500K .......... .......... .......... .......... .......... 99%  107M 0s
  4550K .......... ..........                                 100%  416M=0.5s

2021-05-25 09:12:38 (8.69 MB/s) - ‘kplr011760231_dr25-stellarposterior.txt’ saved [4680155/4680155]

